<?xml version="1.0" encoding="UTF-8"?>
<testng-results skipped="0" failed="0" total="1" passed="1">
  <reporter-output>
  </reporter-output>
  <suite name="Testng Cucumber Suite" duration-ms="6890" started-at="2018-06-20T06:58:22Z" finished-at="2018-06-20T06:58:29Z">
    <groups>
      <group name="cucumber">
        <method signature="AbstractTestNGCucumberTests.feature(cucumber.api.testng.CucumberFeatureWrapper)[pri:0, instance:runner.TestRunner@337d0578]" name="feature" class="cucumber.api.testng.AbstractTestNGCucumberTests"/>
      </group> <!-- cucumber -->
    </groups>
    <test name="Run All Tests1" duration-ms="6890" started-at="2018-06-20T06:58:22Z" finished-at="2018-06-20T06:58:29Z">
      <class name="runner.TestRunner">
        <test-method status="PASS" signature="setUpClass()[pri:0, instance:runner.TestRunner@337d0578]" name="setUpClass" is-config="true" duration-ms="175" started-at="2018-06-20T12:28:22Z" finished-at="2018-06-20T12:28:22Z">
          <reporter-output>
          </reporter-output>
        </test-method> <!-- setUpClass -->
        <test-method status="PASS" signature="feature(cucumber.api.testng.CucumberFeatureWrapper)[pri:0, instance:runner.TestRunner@337d0578]" name="feature" duration-ms="6636" started-at="2018-06-20T12:28:22Z" description="Runs Cucumber Feature" data-provider="features" finished-at="2018-06-20T12:28:29Z">
          <params>
            <param index="0">
              <value>
                <![CDATA[tomcat application links]]>
              </value>
            </param>
          </params>
          <reporter-output>
          </reporter-output>
        </test-method> <!-- feature -->
        <test-method status="PASS" signature="tearDownClass()[pri:0, instance:runner.TestRunner@337d0578]" name="tearDownClass" is-config="true" duration-ms="7" started-at="2018-06-20T12:28:29Z" finished-at="2018-06-20T12:28:29Z">
          <reporter-output>
          </reporter-output>
        </test-method> <!-- tearDownClass -->
      </class> <!-- runner.TestRunner -->
    </test> <!-- Run All Tests1 -->
  </suite> <!-- Testng Cucumber Suite -->
</testng-results>
