<?xml version="1.0" encoding="UTF-8"?>
<testng-results total="1" passed="1" failed="0" skipped="0">
  <reporter-output>
  </reporter-output>
  <suite started-at="2024-02-02T16:09:16Z" name="Default suite" finished-at="2024-02-02T16:09:21Z" duration-ms="5594">
    <groups>
    </groups>
    <test started-at="2024-02-02T16:09:16Z" name="Default test" finished-at="2024-02-02T16:09:21Z" duration-ms="5594">
      <class name="Algo.testTravelAgencyNG">
        <test-method signature="firstTest()[pri:0, instance:Algo.testTravelAgencyNG@74bf1791]" started-at="2024-02-02T21:39:16Z" name="firstTest" finished-at="2024-02-02T21:39:21Z" duration-ms="5583" status="PASS">
          <reporter-output>
          </reporter-output>
        </test-method> <!-- firstTest -->
      </class> <!-- Algo.testTravelAgencyNG -->
    </test> <!-- Default test -->
  </suite> <!-- Default suite -->
</testng-results>
